97   /*****************************************************************************
98   * Project           : BIOS 511 Course
99   *
100  * Program name      : template-SDM.sas
101  *
102  * Author            : James Howard Goodnight (JHG)
103  *
104  * Date created      : YYYY-MM-DD
105  *
106  * Purpose           : This program is designed to be a template that can be
107  *                     reused throughout the BIOS 511 course.
108  *
109  * Revision History  :
110  *
111  * Date          Author   Ref (#)  Revision
112  * YYYY-MM-DD     JHG       1      Added summary of height and weight to printed
113  *                                 output.
114  *
115  *
116  * searchable reference phrase: *** [#] ***;
117  *
118  * Note: Standard header taken from :
119  *  https://www.phusewiki.org/wiki/index.php?title=Program_Header
120  ******************************************************************************/
121  option mergenoby=nowarn;
122
123  %let root       =
123! C:\Users\psioda\Documents\GitHub\BIOS-511-FALL-2018\programs\2018-08-22-lecture-01-basics;
124  %let outputPath = &root.\output;
125
126
127  ods pdf file="&outputPath./classfit-SDM.pdf" style=sasweb;
NOTE: Writing ODS PDF output to DISK destination
      "C:\Users\psioda\Documents\GitHub\BIOS-511-FALL-2018\programs\2018-08-22-lecture-01-basics
      \output\classfit-SDM.pdf", printer "PDF".
128
129      title "Print out of the sashelp.classfit dataset";
130      proc print data = sashelp.classfit;
131      run;

NOTE: There were 19 observations read from the data set SASHELP.CLASSFIT.
NOTE: PROCEDURE PRINT used (Total process time):
      real time           0.05 seconds
      cpu time            0.03 seconds


132
133      *** [1] ***;
134      title "Summary statistics for height and weight";
135      proc means data = sashelp.classfit n mean std median min max;
136          var height weight;
137      run;

NOTE: There were 19 observations read from the data set SASHELP.CLASSFIT.
NOTE: PROCEDURE MEANS used (Total process time):
      real time           0.03 seconds
      cpu time            0.01 seconds


138
139  ods pdf close;
NOTE: ODS PDF printed 2 pages to
      C:\Users\psioda\Documents\GitHub\BIOS-511-FALL-2018\programs\2018-08-22-lecture-01-basics\
      output\classfit-SDM.pdf.
